Shift 1
WKLV LV VRPH WHAW
DQG WKLV
DOVR
Shift 2
XLMW MW WSQI XIBX
ERH XLMW
EPWS
Shift 3
YMNX NX XTRJ YJCY
FSI YMNX
FQXT
Shift 4
ZNOY OY YUSK ZKDZ
GTJ ZNOY
GRYU
Shift 5
AOPZ PZ ZVTL ALEA
HUK AOPZ
HSZV
Shift 6
BPQA QA AWUM BMFB
IVL BPQA
ITAW
Shift 7
CQRB RB BXVN CNGC
JWM CQRB
JUBX
Shift 8
DRSC SC CYWO DOHD
KXN DRSC
KVCY
Shift 9
ESTD TD DZXP EPIE
LYO ESTD
LWDZ
Shift 10
FTUE UE EAYQ FQJF
MZP FTUE
MXEA
Shift 11
GUVF VF FBZR GRKG
NAQ GUVF
NYFB
Shift 12
HVWG WG GCAS HSLH
OBR HVWG
OZGC
Shift 13
IWXH XH HDBT ITMI
PCS IWXH
PAHD
Shift 14
JXYI YI IECU JUNJ
QDT JXYI
QBIE
Shift 15
KYZJ ZJ JFDV KVOK
REU KYZJ
RCJF
Shift 16
LZAK AK KGEW LWPL
SFV LZAK
SDKG
Shift 17
MABL BL LHFX MXQM
TGW MABL
TELH
Shift 18
NBCM CM MIGY NYRN
UHX NBCM
UFMI
Shift 19
OCDN DN NJHZ OZSO
VIY OCDN
VGNJ
Shift 20
PDEO EO OKIA PATP
WJZ PDEO
WHOK
Shift 21
QEFP FP PLJB QBUQ
XKA QEFP
XIPL
Shift 22
RFGQ GQ QMKC RCVR
YLB RFGQ
YJQM
Shift 23
SGHR HR RNLD SDWS
ZMC SGHR
ZKRN
Shift 24
THIS IS SOME TEXT
AND THIS
ALSO
Shift 25
UIJT JT TPNF UFYU
BOE UIJT
BMTP
